  Customer.cpp
C:\Users\Artur\Desktop\projekt_bank-master\bankOOP\Account.h(2,10): warning C4067: nieoczekiwane tokeny występujące po dyrektywie preprocesora - oczekiwano nowego wiersza
     Trwa tworzenie biblioteki C:\Users\Artur\Desktop\projekt_bank-master\x64\Release\bankOOP.lib i obiektu C:\Users\Artur\Desktop\projekt_bank-master\x64\Release\bankOOP.exp
  Trwa generowanie kodu
  7 of 1166 functions ( 0.6%) were compiled, the rest were copied from previous compilation.
    0 functions were new in current compilation
    136 functions had inline decision re-evaluated but remain unchanged
  Zakończono generowanie kodu
mysqlcppconn-static.lib(mysql_driver.obj) : warning LNK4099: nie znaleziono pliku PDB „” z elementem „mysqlcppconn-static.lib(mysql_driver.obj)” lub w pozycji „”; obiekt zostanie skonsolidowany bez informacji debugowania
mysqlcppconn-static.lib(mysql_connection.obj) : warning LNK4099: nie znaleziono pliku PDB „” z elementem „mysqlcppconn-static.lib(mysql_connection.obj)” lub w pozycji „”; obiekt zostanie skonsolidowany bez informacji debugowania
mysqlcppconn-static.lib(mysql_native_driver_wrapper.obj) : warning LNK4099: nie znaleziono pliku PDB „” z elementem „mysqlcppconn-static.lib(mysql_native_driver_wrapper.obj)” lub w pozycji „”; obiekt zostanie skonsolidowany bez informacji debugowania
mysqlcppconn-static.lib(mysql_uri.obj) : warning LNK4099: nie znaleziono pliku PDB „” z elementem „mysqlcppconn-static.lib(mysql_uri.obj)” lub w pozycji „”; obiekt zostanie skonsolidowany bez informacji debugowania
mysqlcppconn-static.lib(mysql_metadata.obj) : warning LNK4099: nie znaleziono pliku PDB „” z elementem „mysqlcppconn-static.lib(mysql_metadata.obj)” lub w pozycji „”; obiekt zostanie skonsolidowany bez informacji debugowania
mysqlcppconn-static.lib(mysql_warning.obj) : warning LNK4099: nie znaleziono pliku PDB „” z elementem „mysqlcppconn-static.lib(mysql_warning.obj)” lub w pozycji „”; obiekt zostanie skonsolidowany bez informacji debugowania
mysqlcppconn-static.lib(mysql_prepared_statement.obj) : warning LNK4099: nie znaleziono pliku PDB „” z elementem „mysqlcppconn-static.lib(mysql_prepared_statement.obj)” lub w pozycji „”; obiekt zostanie skonsolidowany bez informacji debugowania
mysqlcppconn-static.lib(mysql_statement.obj) : warning LNK4099: nie znaleziono pliku PDB „” z elementem „mysqlcppconn-static.lib(mysql_statement.obj)” lub w pozycji „”; obiekt zostanie skonsolidowany bez informacji debugowania
mysqlcppconn-static.lib(mysql_debug.obj) : warning LNK4099: nie znaleziono pliku PDB „” z elementem „mysqlcppconn-static.lib(mysql_debug.obj)” lub w pozycji „”; obiekt zostanie skonsolidowany bez informacji debugowania
mysqlcppconn-static.lib(mysql_client_api.obj) : warning LNK4099: nie znaleziono pliku PDB „” z elementem „mysqlcppconn-static.lib(mysql_client_api.obj)” lub w pozycji „”; obiekt zostanie skonsolidowany bez informacji debugowania
mysqlcppconn-static.lib(mysql_native_connection_wrapper.obj) : warning LNK4099: nie znaleziono pliku PDB „” z elementem „mysqlcppconn-static.lib(mysql_native_connection_wrapper.obj)” lub w pozycji „”; obiekt zostanie skonsolidowany bez informacji debugowania
mysqlcppconn-static.lib(mysql_util.obj) : warning LNK4099: nie znaleziono pliku PDB „” z elementem „mysqlcppconn-static.lib(mysql_util.obj)” lub w pozycji „”; obiekt zostanie skonsolidowany bez informacji debugowania
mysqlcppconn-static.lib(mysql_art_resultset.obj) : warning LNK4099: nie znaleziono pliku PDB „” z elementem „mysqlcppconn-static.lib(mysql_art_resultset.obj)” lub w pozycji „”; obiekt zostanie skonsolidowany bez informacji debugowania
mysqlcppconn-static.lib(mysql_resultbind.obj) : warning LNK4099: nie znaleziono pliku PDB „” z elementem „mysqlcppconn-static.lib(mysql_resultbind.obj)” lub w pozycji „”; obiekt zostanie skonsolidowany bez informacji debugowania
mysqlcppconn-static.lib(mysql_ps_resultset.obj) : warning LNK4099: nie znaleziono pliku PDB „” z elementem „mysqlcppconn-static.lib(mysql_ps_resultset.obj)” lub w pozycji „”; obiekt zostanie skonsolidowany bez informacji debugowania
mysqlcppconn-static.lib(mysql_ps_resultset_metadata.obj) : warning LNK4099: nie znaleziono pliku PDB „” z elementem „mysqlcppconn-static.lib(mysql_ps_resultset_metadata.obj)” lub w pozycji „”; obiekt zostanie skonsolidowany bez informacji debugowania
mysqlcppconn-static.lib(mysql_parameter_metadata.obj) : warning LNK4099: nie znaleziono pliku PDB „” z elementem „mysqlcppconn-static.lib(mysql_parameter_metadata.obj)” lub w pozycji „”; obiekt zostanie skonsolidowany bez informacji debugowania
mysqlcppconn-static.lib(mysql_resultset.obj) : warning LNK4099: nie znaleziono pliku PDB „” z elementem „mysqlcppconn-static.lib(mysql_resultset.obj)” lub w pozycji „”; obiekt zostanie skonsolidowany bez informacji debugowania
mysqlcppconn-static.lib(mysql_native_resultset_wrapper.obj) : warning LNK4099: nie znaleziono pliku PDB „” z elementem „mysqlcppconn-static.lib(mysql_native_resultset_wrapper.obj)” lub w pozycji „”; obiekt zostanie skonsolidowany bez informacji debugowania
mysqlcppconn-static.lib(mysql_native_statement_wrapper.obj) : warning LNK4099: nie znaleziono pliku PDB „” z elementem „mysqlcppconn-static.lib(mysql_native_statement_wrapper.obj)” lub w pozycji „”; obiekt zostanie skonsolidowany bez informacji debugowania
mysqlcppconn-static.lib(mysql_art_rset_metadata.obj) : warning LNK4099: nie znaleziono pliku PDB „” z elementem „mysqlcppconn-static.lib(mysql_art_rset_metadata.obj)” lub w pozycji „”; obiekt zostanie skonsolidowany bez informacji debugowania
mysqlcppconn-static.lib(mysql_resultset_metadata.obj) : warning LNK4099: nie znaleziono pliku PDB „” z elementem „mysqlcppconn-static.lib(mysql_resultset_metadata.obj)” lub w pozycji „”; obiekt zostanie skonsolidowany bez informacji debugowania
  bankOOP.vcxproj -> C:\Users\Artur\Desktop\projekt_bank-master\x64\Release\bankOOP.exe
