c:\users\mateu\desktop\dane\programowanie obiektowe cpp\bankoop\bankoop\x64\release\vc143.pdb
c:\users\mateu\desktop\dane\programowanie obiektowe cpp\bankoop\bankoop\x64\release\user.obj
c:\users\mateu\desktop\dane\programowanie obiektowe cpp\bankoop\bankoop\x64\release\savingaccount.obj
c:\users\mateu\desktop\dane\programowanie obiektowe cpp\bankoop\bankoop\x64\release\normalaccount.obj
c:\users\mateu\desktop\dane\programowanie obiektowe cpp\bankoop\bankoop\x64\release\employee.obj
c:\users\mateu\desktop\dane\programowanie obiektowe cpp\bankoop\bankoop\x64\release\database.obj
c:\users\mateu\desktop\dane\programowanie obiektowe cpp\bankoop\bankoop\x64\release\customer.obj
c:\users\mateu\desktop\dane\programowanie obiektowe cpp\bankoop\bankoop\x64\release\bankoop.obj
c:\users\mateu\desktop\dane\programowanie obiektowe cpp\bankoop\bankoop\x64\release\admin.obj
c:\users\mateu\desktop\dane\programowanie obiektowe cpp\bankoop\bankoop\x64\release\account.obj
c:\users\mateu\desktop\dane\programowanie obiektowe cpp\bankoop\x64\release\bankoop.exe
c:\users\mateu\desktop\dane\programowanie obiektowe cpp\bankoop\bankoop\x64\release\bankoop.ipdb
c:\users\mateu\desktop\dane\programowanie obiektowe cpp\bankoop\x64\release\bankoop.pdb
c:\users\mateu\desktop\dane\programowanie obiektowe cpp\bankoop\bankoop\x64\release\bankoop.iobj
c:\users\mateu\desktop\dane\programowanie obiektowe cpp\bankoop\bankoop\x64\release\bankoop.tlog\cl.command.1.tlog
c:\users\mateu\desktop\dane\programowanie obiektowe cpp\bankoop\bankoop\x64\release\bankoop.tlog\cl.read.1.tlog
c:\users\mateu\desktop\dane\programowanie obiektowe cpp\bankoop\bankoop\x64\release\bankoop.tlog\cl.write.1.tlog
c:\users\mateu\desktop\dane\programowanie obiektowe cpp\bankoop\bankoop\x64\release\bankoop.tlog\link.command.1.tlog
c:\users\mateu\desktop\dane\programowanie obiektowe cpp\bankoop\bankoop\x64\release\bankoop.tlog\link.read.1.tlog
c:\users\mateu\desktop\dane\programowanie obiektowe cpp\bankoop\bankoop\x64\release\bankoop.tlog\link.write.1.tlog
